<?xml version="1.1" encoding="UTF-8"?>
<testsuite name="javazoom.jl.player.jlpTest" tests="1" failures="0" errors="0" timestamp="1970-01-01T00:00:00" hostname="iMac.local" time="1.385552239886E9">
  <properties/>
  <testcase name="testPlay" classname="javazoom.jl.player.jlpTest" time="367.714"/>
  <system-out><![CDATA[playing /Volumes/FHD-XS/JLayer1.0.1/resources/Love.mp3...
]]></system-out>
  <system-err><![CDATA[Nov 27, 2013 12:31:10 PM org.codehaus.groovy.runtime.m12n.SimpleExtensionModule getMetaMethods
WARNING: Module [groovy-all] - Unable to load extension class [class org.codehaus.groovy.jsr223.ScriptExtensions] due to [javax/script/ScriptEngine]. Maybe this module is not supported by your JVM version.
Nov 27, 2013 12:31:11 PM org.codehaus.groovy.runtime.m12n.SimpleExtensionModule getMetaMethods
WARNING: Module [groovy-all] - Unable to load extension class [class org.codehaus.groovy.jsr223.ScriptStaticExtensions] due to [javax/script/ScriptEngineManager]. Maybe this module is not supported by your JVM version.
Nov 27, 2013 12:31:12 PM java_util_logging_Logger$info$0 call
INFO: jlpTest constructor
Nov 27, 2013 12:31:12 PM java_util_logging_Logger$info$0 call
INFO: jlpTest setUp()
Nov 27, 2013 12:31:15 PM java_util_logging_Logger$info$0 call
INFO: testPlay()=/Volumes/FHD-XS/JLayer1.0.1/resources/Love.mp3
Nov 27, 2013 12:37:19 PM java_util_logging_Logger$info$0 call
INFO: jlpTest.groovy did not fail on player.play()
Nov 27, 2013 12:37:19 PM java_util_logging_Logger$info$0 call
INFO: jlpTest tearDown()
]]></system-err>
</testsuite>
