<?xml version="1.1" encoding="UTF-8"?>
<testsuite name="javazoom.jl.player.jlpTest" tests="1" failures="0" errors="0" timestamp="1970-01-01T00:00:00" hostname="iMac.local" time="1.385479989235E9">
  <properties/>
  <testcase name="testPlay" classname="javazoom.jl.player.jlpTest" time="369.209"/>
  <system-out><![CDATA[playing /Volumes/FHD-XS/JLayer1.0.1/resources/Love.mp3...
]]></system-out>
  <system-err><![CDATA[Nov 26, 2013 4:26:58 PM org.codehaus.groovy.runtime.m12n.SimpleExtensionModule getMetaMethods
WARNING: Module [groovy-all] - Unable to load extension class [class org.codehaus.groovy.jsr223.ScriptExtensions] due to [javax/script/ScriptEngine]. Maybe this module is not supported by your JVM version.
Nov 26, 2013 4:26:58 PM org.codehaus.groovy.runtime.m12n.SimpleExtensionModule getMetaMethods
WARNING: Module [groovy-all] - Unable to load extension class [class org.codehaus.groovy.jsr223.ScriptStaticExtensions] due to [javax/script/ScriptEngineManager]. Maybe this module is not supported by your JVM version.
Nov 26, 2013 4:26:59 PM java_util_logging_Logger$info$0 call
INFO: jlpTest constructor
Nov 26, 2013 4:27:00 PM java_util_logging_Logger$info$0 call
INFO: jlpTest setUp()
Nov 26, 2013 4:27:03 PM java_util_logging_Logger$info$0 call
INFO: testPlay()=/Volumes/FHD-XS/JLayer1.0.1/resources/Love.mp3
deserializeArrayResource for name:sfd.ser
/Volumes/FHD-XS/JLayer1.0.1/.
Nov 26, 2013 4:33:09 PM java_util_logging_Logger$info$0 call
INFO: jlpTest.groovy did not fail on player.play()
Nov 26, 2013 4:33:09 PM java_util_logging_Logger$info$0 call
INFO: jlpTest tearDown()
]]></system-err>
</testsuite>
